2026-03-03 11:23:10,034 - FileOperations - INFO - 创建目录: E:\zihan\python\project\network_file_system\data\uploads
2026-03-03 11:23:10,035 - FileOperations - INFO - 创建目录: E:\zihan\python\project\network_file_system\data\downloads
2026-03-03 11:23:10,037 - FileOperations - INFO - 创建目录: E:\zihan\python\project\network_file_system\data\uploads
2026-03-03 11:23:10,038 - FileOperations - INFO - 创建目录: E:\zihan\python\project\network_file_system\data\downloads
2026-03-03 11:36:46,556 - FileOperations - INFO - 创建目录: E:\zihan\python\project\network_file_system\data\uploads
2026-03-03 11:36:46,556 - FileOperations - INFO - 创建目录: E:\zihan\python\project\network_file_system\data\downloads
2026-03-03 12:15:24,011 - FileOperations - INFO - 创建目录: E:\zihan\python\project\network_file_system\data\uploads
2026-03-03 12:15:24,012 - FileOperations - INFO - 创建目录: E:\zihan\python\project\network_file_system\data\downloads
2026-03-03 12:19:04,677 - FileOperations - INFO - 创建目录: E:\zihan\python\project\network_file_system\data\uploads
2026-03-03 12:19:04,678 - FileOperations - INFO - 创建目录: E:\zihan\python\project\network_file_system\data\downloads
2026-03-03 12:21:09,999 - FileOperations - INFO - 创建目录: E:\zihan\python\project\network_file_system\data\uploads
2026-03-03 12:21:10,000 - FileOperations - INFO - 创建目录: E:\zihan\python\project\network_file_system\data\downloads
2026-03-03 12:28:35,332 - FileOperations - INFO - 创建目录: E:\zihan\python\project\network_file_system\data\uploads
2026-03-03 12:28:35,332 - FileOperations - INFO - 创建目录: E:\zihan\python\project\network_file_system\data\downloads
2026-03-03 12:28:46,772 - FileOperations - INFO - 创建目录: E:\zihan\python\project\network_file_system\data\uploads
2026-03-03 12:28:46,772 - FileOperations - INFO - 创建目录: E:\zihan\python\project\network_file_system\data\downloads
2026-03-03 12:28:46,774 - FileOperations - INFO - 创建目录: E:\zihan\python\project\network_file_system\src\data\uploads
2026-03-03 12:28:46,775 - FileOperations - INFO - 创建目录: E:\zihan\python\project\network_file_system\src\data\downloads
2026-03-03 12:28:54,487 - FileOperations - INFO - 创建目录: E:\zihan\python\project\network_file_system\data\uploads
2026-03-03 12:28:54,487 - FileOperations - INFO - 创建目录: E:\zihan\python\project\network_file_system\data\downloads
2026-03-03 12:35:43,736 - FileOperations - INFO - 创建目录: E:\zihan\python\project\network_file_system\data\uploads
2026-03-03 12:35:43,737 - FileOperations - INFO - 创建目录: E:\zihan\python\project\network_file_system\data\downloads
2026-03-03 12:35:43,739 - FileOperations - INFO - 创建目录: E:\zihan\python\project\network_file_system\src\data\uploads
2026-03-03 12:35:43,740 - FileOperations - INFO - 创建目录: E:\zihan\python\project\network_file_system\src\data\downloads
2026-03-03 12:35:50,164 - FileOperations - INFO - 创建目录: E:\zihan\python\project\network_file_system\data\uploads
2026-03-03 12:35:50,165 - FileOperations - INFO - 创建目录: E:\zihan\python\project\network_file_system\data\downloads
2026-03-03 12:42:43,936 - FileOperations - INFO - 创建目录: E:\zihan\python\project\network_file_system\data\uploads
2026-03-03 12:42:43,937 - FileOperations - INFO - 创建目录: E:\zihan\python\project\network_file_system\data\downloads
2026-03-03 12:42:43,940 - FileOperations - INFO - 创建目录: E:\zihan\python\project\network_file_system\src\data\uploads
2026-03-03 12:42:43,940 - FileOperations - INFO - 创建目录: E:\zihan\python\project\network_file_system\src\data\downloads
2026-03-03 12:42:51,980 - FileOperations - INFO - 创建目录: E:\zihan\python\project\network_file_system\data\uploads
2026-03-03 12:42:51,981 - FileOperations - INFO - 创建目录: E:\zihan\python\project\network_file_system\data\downloads
2026-03-03 12:53:55,508 - FileOperations - INFO - 创建目录: E:\zihan\python\project\network_file_system\data\uploads
2026-03-03 12:53:55,508 - FileOperations - INFO - 创建目录: E:\zihan\python\project\network_file_system\data\downloads
2026-03-03 12:53:55,511 - FileOperations - INFO - 创建目录: E:\zihan\python\project\network_file_system\src\data\uploads
2026-03-03 12:53:55,512 - FileOperations - INFO - 创建目录: E:\zihan\python\project\network_file_system\src\data\downloads
2026-03-03 12:54:05,549 - FileOperations - INFO - 创建目录: E:\zihan\python\project\network_file_system\data\uploads
2026-03-03 12:54:05,550 - FileOperations - INFO - 创建目录: E:\zihan\python\project\network_file_system\data\downloads
2026-03-03 13:00:45,587 - FileOperations - INFO - 创建目录: E:\zihan\python\project\network_file_system\data\uploads
2026-03-03 13:00:45,588 - FileOperations - INFO - 创建目录: E:\zihan\python\project\network_file_system\data\downloads
2026-03-03 13:00:45,590 - FileOperations - INFO - 创建目录: E:\zihan\python\project\network_file_system\src\data\uploads
2026-03-03 13:00:45,590 - FileOperations - INFO - 创建目录: E:\zihan\python\project\network_file_system\src\data\downloads
2026-03-03 13:00:52,243 - FileOperations - INFO - 创建目录: E:\zihan\python\project\network_file_system\data\uploads
2026-03-03 13:00:52,244 - FileOperations - INFO - 创建目录: E:\zihan\python\project\network_file_system\data\downloads
2026-03-03 13:07:13,940 - FileOperations - INFO - 创建目录: E:\zihan\python\project\data\uploads
2026-03-03 13:07:13,941 - FileOperations - INFO - 创建目录: E:\zihan\python\project\data\downloads
2026-03-03 13:07:13,944 - FileOperations - INFO - 创建目录: E:\zihan\python\project\network_file_system\src\data\uploads
2026-03-03 13:07:13,945 - FileOperations - INFO - 创建目录: E:\zihan\python\project\network_file_system\src\data\downloads
2026-03-03 13:07:18,442 - FileOperations - INFO - 创建目录: E:\zihan\python\project\data\uploads
2026-03-03 13:07:18,442 - FileOperations - INFO - 创建目录: E:\zihan\python\project\data\downloads
2026-03-03 13:32:56,741 - FileOperations - INFO - 创建目录: E:\zihan\python\project\data\uploads
2026-03-03 13:32:56,742 - FileOperations - INFO - 创建目录: E:\zihan\python\project\data\downloads
2026-03-03 13:32:56,743 - FileOperations - INFO - 创建目录: E:\zihan\python\project\network_file_system\data\uploads
2026-03-03 13:32:56,743 - FileOperations - INFO - 创建目录: E:\zihan\python\project\network_file_system\data\downloads
2026-03-03 13:35:51,945 - FileOperations - INFO - 创建目录: E:\zihan\python\project\data\uploads
2026-03-03 13:35:51,946 - FileOperations - INFO - 创建目录: E:\zihan\python\project\data\downloads
2026-03-03 13:42:02,332 - FileOperations - INFO - 创建目录: E:\zihan\python\project\data\uploads
2026-03-03 13:42:02,333 - FileOperations - INFO - 创建目录: E:\zihan\python\project\data\downloads
2026-03-03 13:42:02,334 - FileOperations - INFO - 创建目录: E:\zihan\python\project\network_file_system\data\uploads
2026-03-03 13:42:02,335 - FileOperations - INFO - 创建目录: E:\zihan\python\project\network_file_system\data\downloads
2026-03-03 13:42:08,526 - FileOperations - INFO - 创建目录: E:\zihan\python\project\data\uploads
2026-03-03 13:42:08,527 - FileOperations - INFO - 创建目录: E:\zihan\python\project\data\downloads
2026-03-03 13:44:54,911 - FileOperations - INFO - 创建目录: E:\zihan\python\project\data\uploads
2026-03-03 13:44:54,912 - FileOperations - INFO - 创建目录: E:\zihan\python\project\data\downloads
2026-03-03 13:44:54,913 - FileOperations - INFO - 创建目录: E:\zihan\python\project\network_file_system\data\uploads
2026-03-03 13:44:54,913 - FileOperations - INFO - 创建目录: E:\zihan\python\project\network_file_system\data\downloads
2026-03-03 13:44:59,520 - FileOperations - INFO - 创建目录: E:\zihan\python\project\data\uploads
2026-03-03 13:44:59,521 - FileOperations - INFO - 创建目录: E:\zihan\python\project\data\downloads
2026-03-03 13:46:15,212 - FileOperations - INFO - 创建目录: E:\zihan\python\project\data\uploads
2026-03-03 13:46:15,212 - FileOperations - INFO - 创建目录: E:\zihan\python\project\data\downloads
2026-03-03 13:46:15,213 - FileOperations - INFO - 创建目录: E:\zihan\python\project\network_file_system\data\uploads
2026-03-03 13:46:15,214 - FileOperations - INFO - 创建目录: E:\zihan\python\project\network_file_system\data\downloads
2026-03-03 13:46:19,555 - FileOperations - INFO - 创建目录: E:\zihan\python\project\data\uploads
2026-03-03 13:46:19,556 - FileOperations - INFO - 创建目录: E:\zihan\python\project\data\downloads
2026-03-03 13:52:05,123 - FileOperations - INFO - 创建目录: E:\zihan\python\project\network_file_system\data\uploads
2026-03-03 13:52:05,124 - FileOperations - INFO - 创建目录: E:\zihan\python\project\network_file_system\data\downloads
2026-03-03 13:52:05,124 - FileOperations - INFO - 创建目录: E:\zihan\python\project\network_file_system\data\uploads
2026-03-03 13:52:05,125 - FileOperations - INFO - 创建目录: E:\zihan\python\project\network_file_system\data\downloads
2026-03-03 13:52:05,127 - FileOperations - INFO - 创建目录: E:\zihan\python\project\network_file_system\data\uploads
2026-03-03 13:52:05,127 - FileOperations - INFO - 创建目录: E:\zihan\python\project\network_file_system\data\downloads
2026-03-03 13:52:05,127 - FileOperations - INFO - 创建目录: E:\zihan\python\project\network_file_system\data\uploads
2026-03-03 13:52:05,128 - FileOperations - INFO - 创建目录: E:\zihan\python\project\network_file_system\data\downloads
2026-03-03 13:52:10,725 - FileOperations - INFO - 创建目录: E:\zihan\python\project\network_file_system\data\uploads
2026-03-03 13:52:10,726 - FileOperations - INFO - 创建目录: E:\zihan\python\project\network_file_system\data\downloads
2026-03-03 13:52:10,726 - FileOperations - INFO - 创建目录: E:\zihan\python\project\network_file_system\data\uploads
2026-03-03 13:52:10,727 - FileOperations - INFO - 创建目录: E:\zihan\python\project\network_file_system\data\downloads
