2026-03-03 11:36:46,562 - FileTransfer - INFO - жӯЈеңЁиҜ·жұӮж–Үд»¶еҲ—иЎЁ...
2026-03-03 11:36:46,563 - FileTransfer - INFO - е·ІеҸ‘йҖҒж–Үд»¶еҲ—иЎЁиҜ·жұӮпјҢзӯүеҫ…жңҚеҠЎеҷЁе“Қеә”...
2026-03-03 11:36:46,563 - FileTransfer - INFO - жӯЈеңЁжү«жҸҸзӣ®еҪ•: E:\zihan\python\project\network_file_system\data\uploads
2026-03-03 11:36:46,565 - FileTransfer - INFO - ж”¶еҲ°жңҚеҠЎеҷЁе“Қеә”: get_filelist
Ҳ·з«Ҝ ('192.168.0.102', 52039)
2026-03-03 11:36:46,565 - FileTransfer - INFO - жҲҗеҠҹиҺ·еҸ– 3 дёӘж–Үд»¶
2026-03-03 11:36:46,565 - FileTransfer - INFO - зӣ®еҪ•: E:\zihan\python\project\network_file_system\data\uploads
2026-03-03 11:37:10,475 - FileTransfer - INFO - еҮҶеӨҮж–Үд»¶дј иҫ“: E:/zihan/python/project/network_file_system/data/downloads/еӨ§еӯҰ.txt via TCP
2026-03-03 11:37:10,476 - FileTransfer - INFO - еҸ‘йҖҒж–Үд»¶еӨҙпјҢеӨ§е°Ҹ: 226 еӯ—иҠӮ
2026-03-03 11:37:10,494 - FileTransfer - INFO - ж–Үд»¶еҸ‘йҖҒе®ҢжҲҗ: E:/zihan/python/project/network_file_system/data/downloads/еӨ§еӯҰ.txt
2026-03-03 11:37:10,495 - FileTransfer - INFO - еӨ§е°Ҹ: 9699 еӯ—иҠӮ, еқ—ж•°: 10/10
2026-03-03 11:37:10,495 - FileTransfer - INFO - йҖҹеәҰ: 507.62 KB/s, иҖ—ж—¶: 0.02з§’
2026-03-03 11:37:10,500 - FileTransfer - INFO - жӯЈеңЁиҜ·жұӮж–Үд»¶еҲ—иЎЁ...
2026-03-03 11:37:10,502 - FileTransfer - INFO - е·ІеҸ‘йҖҒж–Үд»¶еҲ—иЎЁиҜ·жұӮпјҢзӯүеҫ…жңҚеҠЎеҷЁе“Қеә”...
2026-03-03 11:37:10,504 - FileTransfer - INFO - жӯЈеңЁжү«жҸҸзӣ®еҪ•: E:\zihan\python\project\network_file_system\data\uploads
2026-03-03 11:37:10,507 - FileTransfer - INFO - ж”¶еҲ°жңҚеҠЎеҷЁе“Қеә”: get_filelist
2026-03-03 11:37:10,507 - FileTransfer - INFO - жҲҗеҠҹеҸ‘йҖҒ 4 дёӘж–Үд»¶еҲ—иЎЁз»ҷе®ўжҲ·з«Ҝ ('192.168.0.102', 52039)
2026-03-03 11:37:10,510 - FileTransfer - INFO - жҲҗеҠҹиҺ·еҸ– 4 дёӘж–Үд»¶
2026-03-03 11:37:10,511 - FileTransfer - INFO - зӣ®еҪ•: E:\zihan\python\project\network_file_system\data\uploads
2026-03-03 12:15:24,016 - FileTransfer - INFO - жӯЈеңЁиҜ·жұӮж–Үд»¶еҲ—иЎЁ...
2026-03-03 12:15:24,017 - FileTransfer - INFO - е·ІеҸ‘йҖҒж–Үд»¶еҲ—иЎЁиҜ·жұӮпјҢзӯүеҫ…жңҚеҠЎеҷЁе“Қеә”...
2026-03-03 12:15:24,017 - FileTransfer - INFO - жӯЈеңЁжү«жҸҸзӣ®еҪ•: E:\zihan\python\project\network_file_system\data\uploads
2026-03-03 12:15:24,019 - FileTransfer - INFO - ж”¶еҲ°жңҚеҠЎеҷЁе“Қеә”: get_filelist
Ҳ·з«Ҝ ('192.168.0.102', 53039)
2026-03-03 12:15:24,019 - FileTransfer - INFO - жҲҗеҠҹиҺ·еҸ– 4 дёӘж–Үд»¶
2026-03-03 12:15:24,019 - FileTransfer - INFO - зӣ®еҪ•: E:\zihan\python\project\network_file_system\data\uploads
2026-03-03 12:15:38,915 - FileTransfer - INFO - иҜ·жұӮдёӢиҪҪж–Үд»¶: 123.txt
2026-03-03 12:15:38,917 - FileTransfer - INFO - еӨ„зҗҶдёӢиҪҪиҜ·жұӮ: 123.txt жқҘиҮӘ ('192.168.0.102', 53039)
2026-03-03 12:15:38,917 - FileTransfer - INFO - ејҖе§ӢеҸ‘йҖҒж–Үд»¶: 123.txt (106.1 KB)
625 еӯ—иҠӮ
2026-03-03 12:15:38,917 - FileTransfer - ERROR - жҺҘж”¶ж–Үд»¶еӨұиҙҘ: name 'src_dir' is not defined
2026-03-03 12:15:39,018 - FileTransfer - INFO - ејҖе§ӢеҸ‘йҖҒж–Үд»¶з»ҷе®ўжҲ·з«Ҝ ('192.168.0.102', 53039): E:\zihan\python\project\network_file_system\data\uploads\123.txt
2026-03-03 12:15:39,023 - FileTransfer - INFO - еҸ‘йҖҒиҝӣеәҰ: 100.0% (106.1 KB/106.1 KB)
2026-03-03 12:15:39,023 - FileTransfer - INFO - ж–Үд»¶еҸ‘йҖҒе®ҢжҲҗ: 108625 еӯ—иҠӮ
2026-03-03 12:19:04,682 - FileTransfer - INFO - жӯЈеңЁиҜ·жұӮж–Үд»¶еҲ—иЎЁ...
2026-03-03 12:19:04,682 - FileTransfer - INFO - е·ІеҸ‘йҖҒж–Үд»¶еҲ—иЎЁиҜ·жұӮпјҢзӯүеҫ…жңҚеҠЎеҷЁе“Қеә”...
2026-03-03 12:19:04,683 - FileTransfer - INFO - жӯЈеңЁжү«жҸҸзӣ®еҪ•: E:\zihan\python\project\network_file_system\data\uploads
2026-03-03 12:19:04,684 - FileTransfer - INFO - жҲҗеҠҹеҸ‘йҖҒ 4 дёӘж–Үд»¶еҲ—иЎЁз»ҷе®ўжҲ·з«Ҝ ('192.168.0.102', 51884)
2026-03-03 12:19:04,684 - FileTransfer - INFO - ж”¶еҲ°жңҚеҠЎеҷЁе“Қеә”: get_filelist
2026-03-03 12:19:04,684 - FileTransfer - INFO - жҲҗеҠҹиҺ·еҸ– 4 дёӘж–Үд»¶
2026-03-03 12:19:04,684 - FileTransfer - INFO - зӣ®еҪ•: E:\zihan\python\project\network_file_system\data\uploads
2026-03-03 12:19:13,399 - FileTransfer - INFO - иҜ·жұӮдёӢиҪҪж–Үд»¶: 123.txt
2026-03-03 12:19:13,403 - FileTransfer - INFO - еӨ„зҗҶдёӢиҪҪиҜ·жұӮ: 123.txt жқҘиҮӘ ('192.168.0.102', 51884)
2026-03-03 12:19:13,403 - FileTransfer - INFO - еҮҶеӨҮжҺҘж”¶ж–Үд»¶: 123.txt, еӨ§е°Ҹ: 108625 еӯ—иҠӮ
2026-03-03 12:19:13,404 - FileTransfer - ERROR - жҺҘж”¶ж–Үд»¶еӨұиҙҘ: name 'save_path_dir' is not defined
2026-03-03 12:19:13,504 - FileTransfer - INFO - ејҖе§ӢеҸ‘йҖҒж–Үд»¶з»ҷе®ўжҲ·з«Ҝ ('192.168.0.102', 51884): E:\zihan\python\project\network_file_system\data\uploads\123.txt
2026-03-03 12:19:13,505 - FileTransfer - INFO - еҸ‘йҖҒиҝӣеәҰ: 100.0% (106.1 KB/106.1 KB)
2026-03-03 12:19:13,505 - FileTransfer - INFO - ж–Үд»¶еҸ‘йҖҒе®ҢжҲҗ: 108625 еӯ—иҠӮ
2026-03-03 12:21:10,004 - FileTransfer - INFO - жӯЈеңЁиҜ·жұӮж–Үд»¶еҲ—иЎЁ...
2026-03-03 12:21:10,004 - FileTransfer - INFO - е·ІеҸ‘йҖҒж–Үд»¶еҲ—иЎЁиҜ·жұӮпјҢзӯүеҫ…жңҚеҠЎеҷЁе“Қеә”...
2026-03-03 12:21:10,005 - FileTransfer - INFO - жӯЈеңЁжү«жҸҸзӣ®еҪ•: E:\zihan\python\project\network_file_system\data\uploads
2026-03-03 12:21:10,006 - FileTransfer - INFO - жҲҗеҠҹеҸ‘йҖҒ 4 дёӘж–Үд»¶еҲ—иЎЁз»ҷе®ўжҲ·з«Ҝ ('192.168.0.102', 52281)
2026-03-03 12:21:10,006 - FileTransfer - INFO - ж”¶еҲ°жңҚеҠЎеҷЁе“Қеә”: get_filelist
2026-03-03 12:21:10,006 - FileTransfer - INFO - зӣ®еҪ•: E:\zihan\python\project\network_file_system\data\uploads
2026-03-03 12:21:10,006 - FileTransfer - INFO - жҲҗеҠҹиҺ·еҸ– 4 дёӘж–Үд»¶
2026-03-03 12:21:17,102 - FileTransfer - INFO - иҜ·жұӮдёӢиҪҪж–Үд»¶: 123.txt
2026-03-03 12:21:17,102 - FileTransfer - INFO - еӨ„зҗҶдёӢиҪҪиҜ·жұӮ: 123.txt жқҘиҮӘ ('192.168.0.102', 52281)
2026-03-03 12:21:17,103 - FileTransfer - INFO - ејҖе§ӢеҸ‘йҖҒж–Үд»¶: 123.txt (106.1 KB)
2026-03-03 12:21:17,103 - FileTransfer - INFO - еҮҶеӨҮжҺҘж”¶ж–Үд»¶: 123.txt, еӨ§е°Ҹ: 108625 еӯ—иҠӮ
2026-03-03 12:21:17,103 - FileTransfer - INFO - дёӢиҪҪзӣ®еҪ•: E:\zihan\python\project\network_file_system\data\downloads
2026-03-03 12:21:17,104 - FileTransfer - INFO - дҝқеӯҳи·Ҝеҫ„: E:\zihan\python\project\network_file_system\data\downloads\123.txt
2026-03-03 12:21:17,104 - FileTransfer - INFO - ејҖе§ӢжҺҘж”¶ж–Үд»¶: 123.txt (106.1 KB)
2026-03-03 12:21:17,204 - FileTransfer - INFO - ејҖе§ӢеҸ‘йҖҒж–Үд»¶з»ҷе®ўжҲ·з«Ҝ ('192.168.0.102', 52281): E:\zihan\python\project\network_file_system\data\uploads\123.txt
2026-03-03 12:21:17,206 - FileTransfer - INFO - еҸ‘йҖҒиҝӣеәҰ: 100.0% (106.1 KB/106.1 KB)
2026-03-03 12:21:17,207 - FileTransfer - INFO - ж–Үд»¶еҸ‘йҖҒе®ҢжҲҗ: 108625 еӯ—иҠӮ
2026-03-03 12:21:17,208 - FileTransfer - INFO - вң… ж–Үд»¶жҺҘж”¶е®ҢжҲҗ: 123.txt
2026-03-03 12:28:35,336 - FileTransfer - INFO - жӯЈеңЁиҜ·жұӮж–Үд»¶еҲ—иЎЁ...
2026-03-03 12:28:35,337 - FileTransfer - INFO - е·ІеҸ‘йҖҒж–Үд»¶еҲ—иЎЁиҜ·жұӮпјҢзӯүеҫ…жңҚеҠЎеҷЁе“Қеә”...
2026-03-03 12:28:35,338 - FileTransfer - INFO - жӯЈеңЁжү«жҸҸзӣ®еҪ•: E:\zihan\python\project\network_file_system\data\uploads
2026-03-03 12:28:35,340 - FileTransfer - INFO - жҲҗеҠҹеҸ‘йҖҒ 3 дёӘж–Үд»¶еҲ—иЎЁз»ҷе®ўжҲ·з«Ҝ ('192.168.0.102', 55378)
2026-03-03 12:28:35,340 - FileTransfer - INFO - ж”¶еҲ°жңҚеҠЎеҷЁе“Қеә”: get_filelist
2026-03-03 12:28:35,340 - FileTransfer - INFO - жҲҗеҠҹиҺ·еҸ– 3 дёӘж–Үд»¶
2026-03-03 12:28:35,340 - FileTransfer - INFO - зӣ®еҪ•: E:\zihan\python\project\network_file_system\data\uploads
2026-03-03 12:28:54,491 - FileTransfer - INFO - жӯЈеңЁиҜ·жұӮж–Үд»¶еҲ—иЎЁ...
2026-03-03 12:28:54,492 - FileTransfer - INFO - е·ІеҸ‘йҖҒж–Үд»¶еҲ—иЎЁиҜ·жұӮпјҢзӯүеҫ…жңҚеҠЎеҷЁе“Қеә”...
2026-03-03 12:28:54,492 - FileTransfer - INFO - жӯЈеңЁжү«жҸҸзӣ®еҪ•: E:\zihan\python\project\network_file_system\src\data\uploads
2026-03-03 12:28:54,492 - FileTransfer - INFO - жҲҗеҠҹеҸ‘йҖҒ 0 дёӘж–Үд»¶еҲ—иЎЁз»ҷе®ўжҲ·з«Ҝ ('192.168.0.102', 52941)
2026-03-03 12:28:54,492 - FileTransfer - INFO - ж”¶еҲ°жңҚеҠЎеҷЁе“Қеә”: get_filelist
2026-03-03 12:28:54,493 - FileTransfer - INFO - зӣ®еҪ•: E:\zihan\python\project\network_file_system\src\data\uploads
2026-03-03 12:28:54,493 - FileTransfer - INFO - жҲҗеҠҹиҺ·еҸ– 0 дёӘж–Үд»¶
2026-03-03 12:29:08,125 - FileTransfer - INFO - еҮҶеӨҮж–Үд»¶дј иҫ“: E:/zihan/python/project/network_file_system/data/downloads/123.txt via TCP
2026-03-03 12:29:08,125 - FileTransfer - INFO - еҸ‘йҖҒж–Үд»¶еӨҙпјҢеӨ§е°Ҹ: 225 еӯ—иҠӮ
2026-03-03 12:29:08,280 - FileTransfer - INFO - ж–Үд»¶еҸ‘йҖҒе®ҢжҲҗ: E:/zihan/python/project/network_file_system/data/downloads/123.txt
2026-03-03 12:29:08,281 - FileTransfer - INFO - еӨ§е°Ҹ: 108625 еӯ—иҠӮ, еқ—ж•°: 106/106
2026-03-03 12:29:08,281 - FileTransfer - INFO - йҖҹеәҰ: 685.40 KB/s, иҖ—ж—¶: 0.15з§’
2026-03-03 12:29:08,288 - FileTransfer - INFO - жӯЈеңЁиҜ·жұӮж–Үд»¶еҲ—иЎЁ...
2026-03-03 12:29:08,288 - FileTransfer - INFO - е·ІеҸ‘йҖҒж–Үд»¶еҲ—иЎЁиҜ·жұӮпјҢзӯүеҫ…жңҚеҠЎеҷЁе“Қеә”...
2026-03-03 12:29:08,289 - FileTransfer - INFO - жӯЈеңЁжү«жҸҸзӣ®еҪ•: E:\zihan\python\project\network_file_system\src\data\uploads
2026-03-03 12:29:08,289 - FileTransfer - INFO - жҲҗеҠҹеҸ‘йҖҒ 1 дёӘж–Үд»¶еҲ—иЎЁз»ҷе®ўжҲ·з«Ҝ ('192.168.0.102', 52941)
2026-03-03 12:29:08,289 - FileTransfer - INFO - ж”¶еҲ°жңҚеҠЎеҷЁе“Қеә”: get_filelist
2026-03-03 12:29:08,289 - FileTransfer - INFO - зӣ®еҪ•: E:\zihan\python\project\network_file_system\src\data\uploads
2026-03-03 12:35:50,170 - FileTransfer - INFO - жӯЈеңЁиҜ·жұӮж–Үд»¶еҲ—иЎЁ...
2026-03-03 12:35:50,171 - FileTransfer - INFO - е·ІеҸ‘йҖҒж–Үд»¶еҲ—иЎЁиҜ·жұӮпјҢзӯүеҫ…жңҚеҠЎеҷЁе“Қеә”...
2026-03-03 12:35:50,171 - FileTransfer - INFO - жӯЈеңЁжү«жҸҸзӣ®еҪ•: E:\zihan\python\project\network_file_system\src\data\uploads
2026-03-03 12:35:50,172 - FileTransfer - INFO - жҲҗеҠҹеҸ‘йҖҒ 0 дёӘж–Үд»¶еҲ—иЎЁз»ҷе®ўжҲ·з«Ҝ ('192.168.0.102', 49258)
2026-03-03 12:35:50,172 - FileTransfer - INFO - ж”¶еҲ°жңҚеҠЎеҷЁе“Қеә”: get_filelist
2026-03-03 12:35:50,172 - FileTransfer - INFO - зӣ®еҪ•: E:\zihan\python\project\network_file_system\src\data\uploads
2026-03-03 12:35:50,172 - FileTransfer - INFO - жҲҗеҠҹиҺ·еҸ– 0 дёӘж–Үд»¶
2026-03-03 12:36:02,135 - FileTransfer - INFO - еҮҶеӨҮж–Үд»¶дј иҫ“: E:/zihan/python/project/network_file_system/data/downloads/123.txt via TCP
2026-03-03 12:36:02,136 - FileTransfer - INFO - еҸ‘йҖҒж–Үд»¶еӨҙпјҢеӨ§е°Ҹ: 225 еӯ—иҠӮ
2026-03-03 12:36:02,313 - FileTransfer - INFO - ж–Үд»¶еҸ‘йҖҒе®ҢжҲҗ: E:/zihan/python/project/network_file_system/data/downloads/123.txt
2026-03-03 12:36:02,313 - FileTransfer - INFO - еӨ§е°Ҹ: 108625 еӯ—иҠӮ, еқ—ж•°: 106/106
2026-03-03 12:36:02,313 - FileTransfer - INFO - йҖҹеәҰ: 598.36 KB/s, иҖ—ж—¶: 0.18з§’
2026-03-03 12:36:02,318 - FileTransfer - INFO - жӯЈеңЁиҜ·жұӮж–Үд»¶еҲ—иЎЁ...
2026-03-03 12:36:02,318 - FileTransfer - INFO - е·ІеҸ‘йҖҒж–Үд»¶еҲ—иЎЁиҜ·жұӮпјҢзӯүеҫ…жңҚеҠЎеҷЁе“Қеә”...
2026-03-03 12:36:02,319 - FileTransfer - INFO - жӯЈеңЁжү«жҸҸзӣ®еҪ•: E:\zihan\python\project\network_file_system\src\data\uploads
2026-03-03 12:36:02,319 - FileTransfer - INFO - жҲҗеҠҹеҸ‘йҖҒ 1 дёӘж–Үд»¶еҲ—иЎЁз»ҷе®ўжҲ·з«Ҝ ('192.168.0.102', 49258)
2026-03-03 12:36:02,319 - FileTransfer - INFO - ж”¶еҲ°жңҚеҠЎеҷЁе“Қеә”: get_filelist
2026-03-03 12:36:02,320 - FileTransfer - INFO - жҲҗеҠҹиҺ·еҸ– 1 дёӘж–Үд»¶
2026-03-03 12:36:02,320 - FileTransfer - INFO - зӣ®еҪ•: E:\zihan\python\project\network_file_system\src\data\uploads
2026-03-03 12:39:28,319 - FileTransfer - INFO - еҮҶеӨҮж–Үд»¶дј иҫ“: E:/zihan/python/project/network_file_system/data/downloads/123.txt via TCP
2026-03-03 12:39:28,319 - FileTransfer - INFO - еҸ‘йҖҒж–Үд»¶еӨҙпјҢеӨ§е°Ҹ: 225 еӯ—иҠӮ
2026-03-03 12:39:28,508 - FileTransfer - INFO - ж–Үд»¶еҸ‘йҖҒе®ҢжҲҗ: E:/zihan/python/project/network_file_system/data/downloads/123.txt
2026-03-03 12:39:28,511 - FileTransfer - INFO - еӨ§е°Ҹ: 108625 еӯ—иҠӮ, еқ—ж•°: 106/106
2026-03-03 12:39:28,514 - FileTransfer - INFO - йҖҹеәҰ: 561.66 KB/s, иҖ—ж—¶: 0.19з§’
2026-03-03 12:39:28,526 - FileTransfer - INFO - жӯЈеңЁиҜ·жұӮж–Үд»¶еҲ—иЎЁ...
2026-03-03 12:39:28,530 - FileTransfer - INFO - е·ІеҸ‘йҖҒж–Үд»¶еҲ—иЎЁиҜ·жұӮпјҢзӯүеҫ…жңҚеҠЎеҷЁе“Қеә”...
2026-03-03 12:39:28,595 - FileTransfer - INFO - жӯЈеңЁжү«жҸҸзӣ®еҪ•: E:\zihan\python\project\network_file_system\src\data\uploads
2026-03-03 12:39:28,597 - FileTransfer - INFO - еҲӣе»әдәҶ uploads зӣ®еҪ•: E:\zihan\python\project\network_file_system\src\data\uploads
2026-03-03 12:39:28,598 - FileTransfer - INFO - жҲҗеҠҹеҸ‘йҖҒ 0 дёӘж–Үд»¶еҲ—иЎЁз»ҷе®ўжҲ·з«Ҝ ('192.168.0.102', 49258)
2026-03-03 12:39:28,598 - FileTransfer - INFO - ж”¶еҲ°жңҚеҠЎеҷЁе“Қеә”: get_filelist
2026-03-03 12:39:28,598 - FileTransfer - INFO - зӣ®еҪ•: E:\zihan\python\project\network_file_system\src\data\uploads
2026-03-03 12:39:28,599 - FileTransfer - INFO - жҲҗеҠҹиҺ·еҸ– 0 дёӘж–Үд»¶
2026-03-03 12:40:02,715 - FileTransfer - INFO - еҮҶеӨҮж–Үд»¶дј иҫ“: E:/zihan/python/project/network_file_system/data/downloads/123.txt via TCP
2026-03-03 12:40:02,715 - FileTransfer - INFO - еҸ‘йҖҒж–Үд»¶еӨҙпјҢеӨ§е°Ҹ: 225 еӯ—иҠӮ
2026-03-03 12:40:02,892 - FileTransfer - INFO - ж–Үд»¶еҸ‘йҖҒе®ҢжҲҗ: E:/zihan/python/project/network_file_system/data/downloads/123.txt
2026-03-03 12:40:02,892 - FileTransfer - INFO - еӨ§е°Ҹ: 108625 еӯ—иҠӮ, еқ—ж•°: 106/106
2026-03-03 12:40:02,892 - FileTransfer - INFO - йҖҹеәҰ: 601.00 KB/s, иҖ—ж—¶: 0.18з§’
2026-03-03 12:40:02,895 - FileTransfer - INFO - жӯЈеңЁиҜ·жұӮж–Үд»¶еҲ—иЎЁ...
2026-03-03 12:40:02,896 - FileTransfer - INFO - е·ІеҸ‘йҖҒж–Үд»¶еҲ—иЎЁиҜ·жұӮпјҢзӯүеҫ…жңҚеҠЎеҷЁе“Қеә”...
2026-03-03 12:40:02,898 - FileTransfer - INFO - жӯЈеңЁжү«жҸҸзӣ®еҪ•: E:\zihan\python\project\network_file_system\src\data\uploads
2026-03-03 12:40:02,901 - FileTransfer - INFO - ж”¶еҲ°жңҚеҠЎеҷЁе“Қеә”: get_filelist
2026-03-03 12:40:02,901 - FileTransfer - INFO - жҲҗеҠҹеҸ‘йҖҒ 0 дёӘж–Үд»¶еҲ—иЎЁз»ҷе®ўжҲ·з«Ҝ ('192.168.0.102', 49258)
2026-03-03 12:40:02,905 - FileTransfer - INFO - зӣ®еҪ•: E:\zihan\python\project\network_file_system\src\data\uploads
2026-03-03 12:40:07,228 - FileTransfer - INFO - еҮҶеӨҮж–Үд»¶дј иҫ“: E:/zihan/python/project/network_file_system/data/downloads/123.txt via TCP
2026-03-03 12:40:07,228 - FileTransfer - INFO - еҸ‘йҖҒж–Үд»¶еӨҙпјҢеӨ§е°Ҹ: 225 еӯ—иҠӮ
2026-03-03 12:40:07,413 - FileTransfer - INFO - ж–Үд»¶еҸ‘йҖҒе®ҢжҲҗ: E:/zihan/python/project/network_file_system/data/downloads/123.txt
2026-03-03 12:40:07,413 - FileTransfer - INFO - еӨ§е°Ҹ: 108625 еӯ—иҠӮ, еқ—ж•°: 106/106
2026-03-03 12:40:07,413 - FileTransfer - INFO - йҖҹеәҰ: 574.49 KB/s, иҖ—ж—¶: 0.18з§’
2026-03-03 12:40:07,421 - FileTransfer - INFO - жӯЈеңЁиҜ·жұӮж–Үд»¶еҲ—иЎЁ...
2026-03-03 12:40:07,422 - FileTransfer - INFO - е·ІеҸ‘йҖҒж–Үд»¶еҲ—иЎЁиҜ·жұӮпјҢзӯүеҫ…жңҚеҠЎеҷЁе“Қеә”...
2026-03-03 12:40:07,423 - FileTransfer - INFO - жӯЈеңЁжү«жҸҸзӣ®еҪ•: E:\zihan\python\project\network_file_system\src\data\uploads
2026-03-03 12:40:07,425 - FileTransfer - INFO - ж”¶еҲ°жңҚеҠЎеҷЁе“Қеә”: get_filelist
Ҳ·з«Ҝ ('192.168.0.102', 49258)
2026-03-03 12:40:07,426 - FileTransfer - INFO - жҲҗеҠҹиҺ·еҸ– 0 дёӘж–Үд»¶
2026-03-03 12:40:07,426 - FileTransfer - INFO - зӣ®еҪ•: E:\zihan\python\project\network_file_system\src\data\uploads
2026-03-03 12:40:51,213 - FileTransfer - INFO - жӯЈеңЁиҜ·жұӮж–Үд»¶еҲ—иЎЁ...
2026-03-03 12:40:51,213 - FileTransfer - INFO - е·ІеҸ‘йҖҒж–Үд»¶еҲ—иЎЁиҜ·жұӮпјҢзӯүеҫ…жңҚеҠЎеҷЁе“Қеә”...
2026-03-03 12:40:51,214 - FileTransfer - INFO - жӯЈеңЁжү«жҸҸзӣ®еҪ•: E:\zihan\python\project\network_file_system\src\data\uploads
2026-03-03 12:40:51,215 - FileTransfer - INFO - жҲҗеҠҹеҸ‘йҖҒ 0 дёӘж–Үд»¶еҲ—иЎЁз»ҷе®ўжҲ·з«Ҝ ('192.168.0.102', 49258)
2026-03-03 12:40:51,215 - FileTransfer - INFO - зӣ®еҪ•: E:\zihan\python\project\network_file_system\src\data\uploads
2026-03-03 12:40:51,984 - FileTransfer - INFO - жӯЈеңЁиҜ·жұӮж–Үд»¶еҲ—иЎЁ...
2026-03-03 12:40:51,985 - FileTransfer - INFO - е·ІеҸ‘йҖҒж–Үд»¶еҲ—иЎЁиҜ·жұӮпјҢзӯүеҫ…жңҚеҠЎеҷЁе“Қеә”...
2026-03-03 12:40:51,986 - FileTransfer - INFO - жӯЈеңЁжү«жҸҸзӣ®еҪ•: E:\zihan\python\project\network_file_system\src\data\uploads
2026-03-03 12:40:51,988 - FileTransfer - INFO - ж”¶еҲ°жңҚеҠЎеҷЁе“Қеә”: get_filelist
2026-03-03 12:40:51,988 - FileTransfer - INFO - жҲҗеҠҹеҸ‘йҖҒ 0 дёӘж–Үд»¶еҲ—иЎЁз»ҷе®ўжҲ·з«Ҝ ('192.168.0.102', 49258)
2026-03-03 12:40:51,988 - FileTransfer - INFO - жҲҗеҠҹиҺ·еҸ– 0 дёӘж–Үд»¶
2026-03-03 12:40:51,988 - FileTransfer - INFO - зӣ®еҪ•: E:\zihan\python\project\network_file_system\src\data\uploads
2026-03-03 12:41:01,368 - FileTransfer - INFO - ж–Үд»¶е°ҶдҝқеӯҳеҲ°: E:\zihan\python\project\network_file_system\data\downloads\123.txt
2026-03-03 12:41:01,368 - FileTransfer - INFO - иҜ·жұӮдёӢиҪҪж–Үд»¶: 123.txt
2026-03-03 12:41:01,369 - FileTransfer - INFO - еӨ„зҗҶдёӢиҪҪиҜ·жұӮ: 123.txt жқҘиҮӘ ('192.168.0.102', 49258)
2026-03-03 12:41:01,370 - FileTransfer - ERROR - ж–Үд»¶дёҚеӯҳеңЁ: E:\zihan\python\project\network_file_system\src\data\uploads\123.txt
2026-03-03 12:42:51,986 - FileTransfer - INFO - жӯЈеңЁиҜ·жұӮж–Үд»¶еҲ—иЎЁ...
2026-03-03 12:42:51,986 - FileTransfer - INFO - е·ІеҸ‘йҖҒж–Үд»¶еҲ—иЎЁиҜ·жұӮпјҢзӯүеҫ…жңҚеҠЎеҷЁе“Қеә”...
2026-03-03 12:42:51,987 - FileTransfer - INFO - жӯЈеңЁжү«жҸҸзӣ®еҪ•: E:\zihan\python\project\network_file_system\src\data\uploads
2026-03-03 12:42:51,987 - FileTransfer - INFO - жҲҗеҠҹеҸ‘йҖҒ 0 дёӘж–Үд»¶еҲ—иЎЁз»ҷе®ўжҲ·з«Ҝ ('192.168.0.102', 53193)
2026-03-03 12:42:51,987 - FileTransfer - INFO - ж”¶еҲ°жңҚеҠЎеҷЁе“Қеә”: get_filelist
2026-03-03 12:42:51,988 - FileTransfer - INFO - зӣ®еҪ•: E:\zihan\python\project\network_file_system\src\data\uploads
2026-03-03 12:42:51,988 - FileTransfer - INFO - жҲҗеҠҹиҺ·еҸ– 0 дёӘж–Үд»¶
2026-03-03 12:43:18,289 - FileTransfer - INFO - жӯЈеңЁиҜ·жұӮж–Үд»¶еҲ—иЎЁ...
2026-03-03 12:43:18,291 - FileTransfer - INFO - е·ІеҸ‘йҖҒж–Үд»¶еҲ—иЎЁиҜ·жұӮпјҢзӯүеҫ…жңҚеҠЎеҷЁе“Қеә”...
2026-03-03 12:43:18,293 - FileTransfer - INFO - жӯЈеңЁжү«жҸҸзӣ®еҪ•: E:\zihan\python\project\network_file_system\src\data\uploads
2026-03-03 12:43:18,294 - FileTransfer - INFO - еҲӣе»әдәҶ uploads зӣ®еҪ•: E:\zihan\python\project\network_file_system\src\data\uploads
2026-03-03 12:43:18,296 - FileTransfer - INFO - жҲҗеҠҹеҸ‘йҖҒ 0 дёӘж–Үд»¶еҲ—иЎЁз»ҷе®ўжҲ·з«Ҝ ('192.168.0.102', 53193)
2026-03-03 12:43:18,296 - FileTransfer - INFO - ж”¶еҲ°жңҚеҠЎеҷЁе“Қеә”: get_filelist
2026-03-03 12:43:18,296 - FileTransfer - INFO - зӣ®еҪ•: E:\zihan\python\project\network_file_system\src\data\uploads
2026-03-03 12:43:18,296 - FileTransfer - INFO - жҲҗеҠҹиҺ·еҸ– 0 дёӘж–Үд»¶
2026-03-03 12:43:20,967 - FileTransfer - INFO - жӯЈеңЁиҜ·жұӮж–Үд»¶еҲ—иЎЁ...
2026-03-03 12:43:20,969 - FileTransfer - INFO - е·ІеҸ‘йҖҒж–Үд»¶еҲ—иЎЁиҜ·жұӮпјҢзӯүеҫ…жңҚеҠЎеҷЁе“Қеә”...
2026-03-03 12:43:20,970 - FileTransfer - INFO - жӯЈеңЁжү«жҸҸзӣ®еҪ•: E:\zihan\python\project\network_file_system\src\data\uploads
2026-03-03 12:43:20,970 - FileTransfer - INFO - жҲҗеҠҹеҸ‘йҖҒ 0 дёӘж–Үд»¶еҲ—иЎЁз»ҷе®ўжҲ·з«Ҝ ('192.168.0.102', 53193)
2026-03-03 12:43:20,970 - FileTransfer - INFO - ж”¶еҲ°жңҚеҠЎеҷЁе“Қеә”: get_filelist
2026-03-03 12:43:20,970 - FileTransfer - INFO - зӣ®еҪ•: E:\zihan\python\project\network_file_system\src\data\uploads
2026-03-03 12:43:20,970 - FileTransfer - INFO - жҲҗеҠҹиҺ·еҸ– 0 дёӘж–Үд»¶
2026-03-03 12:43:23,712 - FileTransfer - INFO - еҮҶеӨҮж–Үд»¶дј иҫ“: E:/zihan/python/project/network_file_system/data/downloads/123.txt via TCP
2026-03-03 12:43:23,713 - FileTransfer - INFO - еҸ‘йҖҒж–Үд»¶еӨҙпјҢеӨ§е°Ҹ: 225 еӯ—иҠӮ
2026-03-03 12:43:23,888 - FileTransfer - INFO - ж–Үд»¶еҸ‘йҖҒе®ҢжҲҗ: E:/zihan/python/project/network_file_system/data/downloads/123.txt
2026-03-03 12:43:23,888 - FileTransfer - INFO - еӨ§е°Ҹ: 108625 еӯ—иҠӮ, еқ—ж•°: 106/106
2026-03-03 12:43:23,888 - FileTransfer - INFO - йҖҹеәҰ: 605.88 KB/s, иҖ—ж—¶: 0.18з§’
2026-03-03 12:43:23,899 - FileTransfer - INFO - жӯЈеңЁиҜ·жұӮж–Үд»¶еҲ—иЎЁ...
2026-03-03 12:43:23,900 - FileTransfer - INFO - е·ІеҸ‘йҖҒж–Үд»¶еҲ—иЎЁиҜ·жұӮпјҢзӯүеҫ…жңҚеҠЎеҷЁе“Қеә”...
2026-03-03 12:43:23,900 - FileTransfer - INFO - жӯЈеңЁжү«жҸҸзӣ®еҪ•: E:\zihan\python\project\network_file_system\src\data\uploads
2026-03-03 12:43:23,900 - FileTransfer - INFO - жҲҗеҠҹеҸ‘йҖҒ 1 дёӘж–Үд»¶еҲ—иЎЁз»ҷе®ўжҲ·з«Ҝ ('192.168.0.102', 53193)
2026-03-03 12:43:23,901 - FileTransfer - INFO - ж”¶еҲ°жңҚеҠЎеҷЁе“Қеә”: get_filelist
2026-03-03 12:43:23,901 - FileTransfer - INFO - зӣ®еҪ•: E:\zihan\python\project\network_file_system\src\data\uploads
2026-03-03 12:43:23,901 - FileTransfer - INFO - жҲҗеҠҹиҺ·еҸ– 1 дёӘж–Үд»¶
2026-03-03 12:54:05,555 - FileTransfer - INFO - жӯЈеңЁиҜ·жұӮж–Үд»¶еҲ—иЎЁ...
2026-03-03 12:54:05,555 - FileTransfer - INFO - е·ІеҸ‘йҖҒж–Үд»¶еҲ—иЎЁиҜ·жұӮпјҢзӯүеҫ…жңҚеҠЎеҷЁе“Қеә”...
2026-03-03 12:54:05,560 - FileTransfer - INFO - жӯЈеңЁжү«жҸҸзӣ®еҪ•: E:\zihan\python\project\network_file_system\src\data\uploads
2026-03-03 12:54:05,562 - FileTransfer - INFO - жҲҗеҠҹеҸ‘йҖҒ 1 дёӘж–Үд»¶еҲ—иЎЁз»ҷе®ўжҲ·з«Ҝ ('192.168.0.102', 58795)
2026-03-03 12:54:05,562 - FileTransfer - INFO - ж”¶еҲ°жңҚеҠЎеҷЁе“Қеә”: get_filelist
2026-03-03 12:54:05,562 - FileTransfer - INFO - жҲҗеҠҹиҺ·еҸ– 1 дёӘж–Үд»¶
2026-03-03 12:54:05,562 - FileTransfer - INFO - зӣ®еҪ•: E:\zihan\python\project\network_file_system\src\data\uploads
2026-03-03 12:54:09,992 - FileTransfer - INFO - жӯЈеңЁиҜ·жұӮж–Үд»¶еҲ—иЎЁ...
2026-03-03 12:54:09,992 - FileTransfer - INFO - е·ІеҸ‘йҖҒж–Үд»¶еҲ—иЎЁиҜ·жұӮпјҢзӯүеҫ…жңҚеҠЎеҷЁе“Қеә”...
2026-03-03 12:54:09,993 - FileTransfer - INFO - жӯЈеңЁжү«жҸҸзӣ®еҪ•: E:\zihan\python\project\network_file_system\src\data\uploads
2026-03-03 12:54:09,993 - FileTransfer - INFO - жҲҗеҠҹеҸ‘йҖҒ 1 дёӘж–Үд»¶еҲ—иЎЁз»ҷе®ўжҲ·з«Ҝ ('192.168.0.102', 58795)
2026-03-03 12:54:09,993 - FileTransfer - INFO - ж”¶еҲ°жңҚеҠЎеҷЁе“Қеә”: get_filelist
2026-03-03 12:54:09,994 - FileTransfer - INFO - зӣ®еҪ•: E:\zihan\python\project\network_file_system\src\data\uploads
2026-03-03 12:54:09,994 - FileTransfer - INFO - жҲҗеҠҹиҺ·еҸ– 1 дёӘж–Үд»¶
2026-03-03 13:00:52,248 - FileTransfer - INFO - жӯЈеңЁиҜ·жұӮж–Үд»¶еҲ—иЎЁ...
2026-03-03 13:00:52,249 - FileTransfer - INFO - е·ІеҸ‘йҖҒж–Үд»¶еҲ—иЎЁиҜ·жұӮпјҢзӯүеҫ…жңҚеҠЎеҷЁе“Қеә”...
2026-03-03 13:00:52,437 - FileTransfer - INFO - жӯЈеңЁжү«жҸҸзӣ®еҪ•: E:\zihan\python\project\network_file_system\src\data\uploads
2026-03-03 13:00:52,688 - FileTransfer - INFO - жҲҗеҠҹеҸ‘йҖҒ 1 дёӘж–Үд»¶еҲ—иЎЁз»ҷе®ўжҲ·з«Ҝ ('192.168.0.102', 62191)
2026-03-03 13:00:52,688 - FileTransfer - INFO - ж”¶еҲ°жңҚеҠЎеҷЁе“Қеә”: get_filelist
2026-03-03 13:00:52,688 - FileTransfer - INFO - жҲҗеҠҹиҺ·еҸ– 1 дёӘж–Үд»¶
2026-03-03 13:00:52,704 - FileTransfer - INFO - зӣ®еҪ•: E:\zihan\python\project\network_file_system\src\data\uploads
2026-03-03 13:01:13,239 - FileTransfer - INFO - жӯЈеңЁиҜ·жұӮж–Үд»¶еҲ—иЎЁ...
2026-03-03 13:01:13,239 - FileTransfer - INFO - е·ІеҸ‘йҖҒж–Үд»¶еҲ—иЎЁиҜ·жұӮпјҢзӯүеҫ…жңҚеҠЎеҷЁе“Қеә”...
2026-03-03 13:01:13,240 - FileTransfer - INFO - жӯЈеңЁжү«жҸҸзӣ®еҪ•: E:\zihan\python\project\network_file_system\src\data\uploads
2026-03-03 13:01:13,241 - FileTransfer - INFO - еҲӣе»әдәҶ uploads зӣ®еҪ•: E:\zihan\python\project\network_file_system\src\data\uploads
2026-03-03 13:01:13,242 - FileTransfer - INFO - жҲҗеҠҹеҸ‘йҖҒ 0 дёӘж–Үд»¶еҲ—иЎЁз»ҷе®ўжҲ·з«Ҝ ('192.168.0.102', 62191)
2026-03-03 13:01:13,242 - FileTransfer - INFO - ж”¶еҲ°жңҚеҠЎеҷЁе“Қеә”: get_filelist
2026-03-03 13:01:13,242 - FileTransfer - INFO - зӣ®еҪ•: E:\zihan\python\project\network_file_system\src\data\uploads
2026-03-03 13:01:13,242 - FileTransfer - INFO - жҲҗеҠҹиҺ·еҸ– 0 дёӘж–Үд»¶
2026-03-03 13:01:14,023 - FileTransfer - INFO - жӯЈеңЁиҜ·жұӮж–Үд»¶еҲ—иЎЁ...
2026-03-03 13:01:14,024 - FileTransfer - INFO - е·ІеҸ‘йҖҒж–Үд»¶еҲ—иЎЁиҜ·жұӮпјҢзӯүеҫ…жңҚеҠЎеҷЁе“Қеә”...
2026-03-03 13:01:14,024 - FileTransfer - INFO - жӯЈеңЁжү«жҸҸзӣ®еҪ•: E:\zihan\python\project\network_file_system\src\data\uploads
2026-03-03 13:01:14,024 - FileTransfer - INFO - жҲҗеҠҹеҸ‘йҖҒ 0 дёӘж–Үд»¶еҲ—иЎЁз»ҷе®ўжҲ·з«Ҝ ('192.168.0.102', 62191)
2026-03-03 13:01:14,024 - FileTransfer - INFO - ж”¶еҲ°жңҚеҠЎеҷЁе“Қеә”: get_filelist
2026-03-03 13:01:14,024 - FileTransfer - INFO - зӣ®еҪ•: E:\zihan\python\project\network_file_system\src\data\uploads
2026-03-03 13:01:14,024 - FileTransfer - INFO - жҲҗеҠҹиҺ·еҸ– 0 дёӘж–Үд»¶
2026-03-03 13:01:14,246 - FileTransfer - INFO - жӯЈеңЁиҜ·жұӮж–Үд»¶еҲ—иЎЁ...
2026-03-03 13:01:14,247 - FileTransfer - INFO - е·ІеҸ‘йҖҒж–Үд»¶еҲ—иЎЁиҜ·жұӮпјҢзӯүеҫ…жңҚеҠЎеҷЁе“Қеә”...
2026-03-03 13:01:14,247 - FileTransfer - INFO - жӯЈеңЁжү«жҸҸзӣ®еҪ•: E:\zihan\python\project\network_file_system\src\data\uploads
2026-03-03 13:01:14,248 - FileTransfer - INFO - жҲҗеҠҹеҸ‘йҖҒ 0 дёӘж–Үд»¶еҲ—иЎЁз»ҷе®ўжҲ·з«Ҝ ('192.168.0.102', 62191)
2026-03-03 13:01:14,248 - FileTransfer - INFO - ж”¶еҲ°жңҚеҠЎеҷЁе“Қеә”: get_filelist
2026-03-03 13:01:14,248 - FileTransfer - INFO - зӣ®еҪ•: E:\zihan\python\project\network_file_system\src\data\uploads
2026-03-03 13:01:14,248 - FileTransfer - INFO - жҲҗеҠҹиҺ·еҸ– 0 дёӘж–Үд»¶
2026-03-03 13:01:43,687 - FileTransfer - INFO - жӯЈеңЁиҜ·жұӮж–Үд»¶еҲ—иЎЁ...
2026-03-03 13:01:43,687 - FileTransfer - INFO - е·ІеҸ‘йҖҒж–Үд»¶еҲ—иЎЁиҜ·жұӮпјҢзӯүеҫ…жңҚеҠЎеҷЁе“Қеә”...
2026-03-03 13:01:43,688 - FileTransfer - INFO - жӯЈеңЁжү«жҸҸзӣ®еҪ•: E:\zihan\python\project\network_file_system\src\data\uploads
2026-03-03 13:01:43,689 - FileTransfer - INFO - еҲӣе»әдәҶ uploads зӣ®еҪ•: E:\zihan\python\project\network_file_system\src\data\uploads
2026-03-03 13:01:43,690 - FileTransfer - INFO - жҲҗеҠҹеҸ‘йҖҒ 0 дёӘж–Үд»¶еҲ—иЎЁз»ҷе®ўжҲ·з«Ҝ ('192.168.0.102', 62191)
2026-03-03 13:01:43,690 - FileTransfer - INFO - ж”¶еҲ°жңҚеҠЎеҷЁе“Қеә”: get_filelist
2026-03-03 13:01:43,690 - FileTransfer - INFO - зӣ®еҪ•: E:\zihan\python\project\network_file_system\src\data\uploads
2026-03-03 13:01:43,690 - FileTransfer - INFO - жҲҗеҠҹиҺ·еҸ– 0 дёӘж–Үд»¶
2026-03-03 13:01:44,588 - FileTransfer - INFO - жӯЈеңЁиҜ·жұӮж–Үд»¶еҲ—иЎЁ...
2026-03-03 13:01:44,588 - FileTransfer - INFO - е·ІеҸ‘йҖҒж–Үд»¶еҲ—иЎЁиҜ·жұӮпјҢзӯүеҫ…жңҚеҠЎеҷЁе“Қеә”...
2026-03-03 13:01:44,589 - FileTransfer - INFO - жӯЈеңЁжү«жҸҸзӣ®еҪ•: E:\zihan\python\project\network_file_system\src\data\uploads
2026-03-03 13:01:44,589 - FileTransfer - INFO - жҲҗеҠҹеҸ‘йҖҒ 0 дёӘж–Үд»¶еҲ—иЎЁз»ҷе®ўжҲ·з«Ҝ ('192.168.0.102', 62191)
2026-03-03 13:01:44,589 - FileTransfer - INFO - ж”¶еҲ°жңҚеҠЎеҷЁе“Қеә”: get_filelist
2026-03-03 13:01:44,589 - FileTransfer - INFO - жҲҗеҠҹиҺ·еҸ– 0 дёӘж–Үд»¶
2026-03-03 13:01:44,589 - FileTransfer - INFO - зӣ®еҪ•: E:\zihan\python\project\network_file_system\src\data\uploads
2026-03-03 13:01:45,143 - FileTransfer - INFO - жӯЈеңЁиҜ·жұӮж–Үд»¶еҲ—иЎЁ...
2026-03-03 13:01:45,143 - FileTransfer - INFO - е·ІеҸ‘йҖҒж–Үд»¶еҲ—иЎЁиҜ·жұӮпјҢзӯүеҫ…жңҚеҠЎеҷЁе“Қеә”...
2026-03-03 13:01:45,144 - FileTransfer - INFO - жӯЈеңЁжү«жҸҸзӣ®еҪ•: E:\zihan\python\project\network_file_system\src\data\uploads
2026-03-03 13:01:45,144 - FileTransfer - INFO - жҲҗеҠҹеҸ‘йҖҒ 0 дёӘж–Үд»¶еҲ—иЎЁз»ҷе®ўжҲ·з«Ҝ ('192.168.0.102', 62191)
2026-03-03 13:01:45,144 - FileTransfer - INFO - ж”¶еҲ°жңҚеҠЎеҷЁе“Қеә”: get_filelist
2026-03-03 13:01:45,144 - FileTransfer - INFO - зӣ®еҪ•: E:\zihan\python\project\network_file_system\src\data\uploads
2026-03-03 13:01:45,144 - FileTransfer - INFO - жҲҗеҠҹиҺ·еҸ– 0 дёӘж–Үд»¶
2026-03-03 13:01:45,412 - FileTransfer - INFO - жӯЈеңЁиҜ·жұӮж–Үд»¶еҲ—иЎЁ...
2026-03-03 13:01:45,412 - FileTransfer - INFO - е·ІеҸ‘йҖҒж–Үд»¶еҲ—иЎЁиҜ·жұӮпјҢзӯүеҫ…жңҚеҠЎеҷЁе“Қеә”...
2026-03-03 13:01:45,413 - FileTransfer - INFO - жӯЈеңЁжү«жҸҸзӣ®еҪ•: E:\zihan\python\project\network_file_system\src\data\uploads
2026-03-03 13:01:45,413 - FileTransfer - INFO - жҲҗеҠҹеҸ‘йҖҒ 0 дёӘж–Үд»¶еҲ—иЎЁз»ҷе®ўжҲ·з«Ҝ ('192.168.0.102', 62191)
2026-03-03 13:01:45,413 - FileTransfer - INFO - ж”¶еҲ°жңҚеҠЎеҷЁе“Қеә”: get_filelist
2026-03-03 13:01:45,413 - FileTransfer - INFO - зӣ®еҪ•: E:\zihan\python\project\network_file_system\src\data\uploads
2026-03-03 13:01:45,413 - FileTransfer - INFO - жҲҗеҠҹиҺ·еҸ– 0 дёӘж–Үд»¶
2026-03-03 13:02:03,940 - FileTransfer - INFO - жӯЈеңЁиҜ·жұӮж–Үд»¶еҲ—иЎЁ...
2026-03-03 13:02:03,941 - FileTransfer - INFO - е·ІеҸ‘йҖҒж–Үд»¶еҲ—иЎЁиҜ·жұӮпјҢзӯүеҫ…жңҚеҠЎеҷЁе“Қеә”...
2026-03-03 13:02:03,941 - FileTransfer - INFO - жӯЈеңЁжү«жҸҸзӣ®еҪ•: E:\zihan\python\project\network_file_system\src\data\uploads
2026-03-03 13:02:03,942 - FileTransfer - INFO - еҲӣе»әдәҶ uploads зӣ®еҪ•: E:\zihan\python\project\network_file_system\src\data\uploads
2026-03-03 13:02:03,943 - FileTransfer - INFO - жҲҗеҠҹеҸ‘йҖҒ 0 дёӘж–Үд»¶еҲ—иЎЁз»ҷе®ўжҲ·з«Ҝ ('192.168.0.102', 62191)
2026-03-03 13:02:03,943 - FileTransfer - INFO - зӣ®еҪ•: E:\zihan\python\project\network_file_system\src\data\uploads
2026-03-03 13:02:03,943 - FileTransfer - INFO - ж”¶еҲ°жңҚеҠЎеҷЁе“Қеә”: get_filelist
2026-03-03 13:02:03,944 - FileTransfer - INFO - жҲҗеҠҹиҺ·еҸ– 0 дёӘж–Үд»¶
2026-03-03 13:02:18,195 - FileTransfer - INFO - еҮҶеӨҮж–Үд»¶дј иҫ“: E:/zihan/python/project/network_file_system/data/downloads/еӨ§еӯҰ.txt via TCP
2026-03-03 13:02:18,195 - FileTransfer - INFO - еҸ‘йҖҒж–Үд»¶еӨҙпјҢеӨ§е°Ҹ: 226 еӯ—иҠӮ
2026-03-03 13:02:18,215 - FileTransfer - INFO - ж–Үд»¶еҸ‘йҖҒе®ҢжҲҗ: E:/zihan/python/project/network_file_system/data/downloads/еӨ§еӯҰ.txt
2026-03-03 13:02:18,215 - FileTransfer - INFO - еӨ§е°Ҹ: 9699 еӯ—иҠӮ, еқ—ж•°: 10/10
2026-03-03 13:02:18,215 - FileTransfer - INFO - йҖҹеәҰ: 486.81 KB/s, иҖ—ж—¶: 0.02з§’
2026-03-03 13:02:18,228 - FileTransfer - INFO - жӯЈеңЁиҜ·жұӮж–Үд»¶еҲ—иЎЁ...
2026-03-03 13:02:18,229 - FileTransfer - INFO - е·ІеҸ‘йҖҒж–Үд»¶еҲ—иЎЁиҜ·жұӮпјҢзӯүеҫ…жңҚеҠЎеҷЁе“Қеә”...
2026-03-03 13:02:18,229 - FileTransfer - INFO - жӯЈеңЁжү«жҸҸзӣ®еҪ•: E:\zihan\python\project\network_file_system\src\data\uploads
2026-03-03 13:02:18,230 - FileTransfer - INFO - жҲҗеҠҹеҸ‘йҖҒ 1 дёӘж–Үд»¶еҲ—иЎЁз»ҷе®ўжҲ·з«Ҝ ('192.168.0.102', 62191)
2026-03-03 13:02:18,230 - FileTransfer - INFO - ж”¶еҲ°жңҚеҠЎеҷЁе“Қеә”: get_filelist
2026-03-03 13:02:18,230 - FileTransfer - INFO - зӣ®еҪ•: E:\zihan\python\project\network_file_system\src\data\uploads
2026-03-03 13:02:18,230 - FileTransfer - INFO - жҲҗеҠҹиҺ·еҸ– 1 дёӘж–Үд»¶
2026-03-03 13:07:18,446 - FileTransfer - INFO - жӯЈеңЁиҜ·жұӮж–Үд»¶еҲ—иЎЁ...
2026-03-03 13:07:18,447 - FileTransfer - INFO - е·ІеҸ‘йҖҒж–Үд»¶еҲ—иЎЁиҜ·жұӮпјҢзӯүеҫ…жңҚеҠЎеҷЁе“Қеә”...
2026-03-03 13:07:18,447 - FileTransfer - INFO - жӯЈеңЁжү«жҸҸзӣ®еҪ•: E:\zihan\python\project\network_file_system\src\data\uploads
2026-03-03 13:07:18,448 - FileTransfer - INFO - жҲҗеҠҹеҸ‘йҖҒ 0 дёӘж–Үд»¶еҲ—иЎЁз»ҷе®ўжҲ·з«Ҝ ('192.168.0.102', 52788)
2026-03-03 13:07:18,448 - FileTransfer - INFO - ж”¶еҲ°жңҚеҠЎеҷЁе“Қеә”: get_filelist
2026-03-03 13:07:18,448 - FileTransfer - INFO - зӣ®еҪ•: E:\zihan\python\project\network_file_system\src\data\uploads
2026-03-03 13:07:18,448 - FileTransfer - INFO - жҲҗеҠҹиҺ·еҸ– 0 дёӘж–Үд»¶
2026-03-03 13:07:25,696 - FileTransfer - INFO - еҮҶеӨҮж–Үд»¶дј иҫ“: E:/zihan/python/project/network_file_system/data/downloads/123.txt via TCP
2026-03-03 13:07:25,697 - FileTransfer - INFO - еҸ‘йҖҒж–Үд»¶еӨҙпјҢеӨ§е°Ҹ: 225 еӯ—иҠӮ
2026-03-03 13:07:25,876 - FileTransfer - INFO - ж–Үд»¶еҸ‘йҖҒе®ҢжҲҗ: E:/zihan/python/project/network_file_system/data/downloads/123.txt
2026-03-03 13:07:25,876 - FileTransfer - INFO - еӨ§е°Ҹ: 108625 еӯ—иҠӮ, еқ—ж•°: 106/106
2026-03-03 13:07:25,877 - FileTransfer - INFO - йҖҹеәҰ: 591.17 KB/s, иҖ—ж—¶: 0.18з§’
2026-03-03 13:07:25,883 - FileTransfer - INFO - жӯЈеңЁиҜ·жұӮж–Үд»¶еҲ—иЎЁ...
2026-03-03 13:07:25,883 - FileTransfer - INFO - е·ІеҸ‘йҖҒж–Үд»¶еҲ—иЎЁиҜ·жұӮпјҢзӯүеҫ…жңҚеҠЎеҷЁе“Қеә”...
2026-03-03 13:07:25,884 - FileTransfer - INFO - жӯЈеңЁжү«жҸҸзӣ®еҪ•: E:\zihan\python\project\network_file_system\src\data\uploads
2026-03-03 13:07:25,885 - FileTransfer - INFO - жҲҗеҠҹеҸ‘йҖҒ 1 дёӘж–Үд»¶еҲ—иЎЁз»ҷе®ўжҲ·з«Ҝ ('192.168.0.102', 52788)
2026-03-03 13:07:25,885 - FileTransfer - INFO - ж”¶еҲ°жңҚеҠЎеҷЁе“Қеә”: get_filelist
2026-03-03 13:07:25,885 - FileTransfer - INFO - зӣ®еҪ•: E:\zihan\python\project\network_file_system\src\data\uploads
2026-03-03 13:07:25,885 - FileTransfer - INFO - жҲҗеҠҹиҺ·еҸ– 1 дёӘж–Үд»¶
2026-03-03 13:35:51,949 - FileTransfer - INFO - жӯЈеңЁиҜ·жұӮж–Үд»¶еҲ—иЎЁ...
2026-03-03 13:35:51,951 - FileTransfer - INFO - е·ІеҸ‘йҖҒж–Үд»¶еҲ—иЎЁиҜ·жұӮпјҢзӯүеҫ…жңҚеҠЎеҷЁе“Қеә”...
2026-03-03 13:35:51,951 - FileTransfer - INFO - жӯЈеңЁжү«жҸҸзӣ®еҪ•: E:\zihan\python\project\network_file_system\data\uploads
2026-03-03 13:35:51,953 - FileTransfer - INFO - ж”¶еҲ°жңҚеҠЎеҷЁе“Қеә”: get_filelist
Ҳ·з«Ҝ ('192.168.0.102', 52845)
2026-03-03 13:35:51,953 - FileTransfer - INFO - зӣ®еҪ•: E:\zihan\python\project\network_file_system\data\uploads
2026-03-03 13:35:51,953 - FileTransfer - INFO - жҲҗеҠҹиҺ·еҸ– 3 дёӘж–Үд»¶
2026-03-03 13:36:23,690 - FileTransfer - INFO - еҮҶеӨҮж–Үд»¶дј иҫ“: E:/zihan/python/project/network_file_system/data/downloads/123.txt via TCP
2026-03-03 13:36:23,690 - FileTransfer - INFO - еҸ‘йҖҒж–Үд»¶еӨҙпјҢеӨ§е°Ҹ: 225 еӯ—иҠӮ
2026-03-03 13:36:23,872 - FileTransfer - INFO - ж–Үд»¶еҸ‘йҖҒе®ҢжҲҗ: E:/zihan/python/project/network_file_system/data/downloads/123.txt
2026-03-03 13:36:23,873 - FileTransfer - INFO - еӨ§е°Ҹ: 108625 еӯ—иҠӮ, еқ—ж•°: 106/106
2026-03-03 13:36:23,873 - FileTransfer - INFO - йҖҹеәҰ: 581.64 KB/s, иҖ—ж—¶: 0.18з§’
2026-03-03 13:36:23,877 - FileTransfer - INFO - жӯЈеңЁиҜ·жұӮж–Үд»¶еҲ—иЎЁ...
2026-03-03 13:36:23,878 - FileTransfer - INFO - е·ІеҸ‘йҖҒж–Үд»¶еҲ—иЎЁиҜ·жұӮпјҢзӯүеҫ…жңҚеҠЎеҷЁе“Қеә”...
2026-03-03 13:36:23,878 - FileTransfer - INFO - жӯЈеңЁжү«жҸҸзӣ®еҪ•: E:\zihan\python\project\network_file_system\data\uploads
2026-03-03 13:36:23,880 - FileTransfer - INFO - ж”¶еҲ°жңҚеҠЎеҷЁе“Қеә”: get_filelist
Ҳ·з«Ҝ ('192.168.0.102', 52845)
2026-03-03 13:36:23,880 - FileTransfer - INFO - жҲҗеҠҹиҺ·еҸ– 4 дёӘж–Үд»¶
2026-03-03 13:36:23,880 - FileTransfer - INFO - зӣ®еҪ•: E:\zihan\python\project\network_file_system\data\uploads
2026-03-03 13:36:46,126 - FileTransfer - INFO - иҜ·жұӮдёӢиҪҪж–Үд»¶: еӨ§еӯҰ.txt
2026-03-03 13:36:46,128 - FileTransfer - INFO - еӨ„зҗҶдёӢиҪҪиҜ·жұӮ: еӨ§еӯҰ.txt жқҘиҮӘ ('192.168.0.102', 52845)
2026-03-03 13:36:46,130 - FileTransfer - INFO - ејҖе§ӢеҸ‘йҖҒж–Үд»¶: еӨ§еӯҰ.txt (11.5 KB)
2026-03-03 13:36:46,130 - FileTransfer - INFO - еҮҶеӨҮжҺҘж”¶ж–Үд»¶: еӨ§еӯҰ.txt, еӨ§е°Ҹ: 11755 еӯ—иҠӮ
2026-03-03 13:36:46,131 - FileTransfer - INFO - дёӢиҪҪзӣ®еҪ•: E:\zihan\python\project\data\downloads
2026-03-03 13:36:46,131 - FileTransfer - INFO - дҝқеӯҳи·Ҝеҫ„: E:\zihan\python\project\data\downloads\еӨ§еӯҰ.txt
2026-03-03 13:36:46,131 - FileTransfer - INFO - ејҖе§ӢжҺҘж”¶ж–Үд»¶: еӨ§еӯҰ.txt (11.5 KB)
2026-03-03 13:36:46,232 - FileTransfer - INFO - ејҖе§ӢеҸ‘йҖҒж–Үд»¶з»ҷе®ўжҲ·з«Ҝ ('192.168.0.102', 52845): E:\zihan\python\project\network_file_system\data\uploads\еӨ§еӯҰ.txt
2026-03-03 13:36:46,237 - FileTransfer - INFO - еҸ‘йҖҒиҝӣеәҰ: 100.0% (11.5 KB/11.5 KB)
2026-03-03 13:36:46,238 - FileTransfer - INFO - ж–Үд»¶еҸ‘йҖҒе®ҢжҲҗ: 11755 еӯ—иҠӮ
2026-03-03 13:36:46,239 - FileTransfer - INFO - вң… ж–Үд»¶жҺҘж”¶е®ҢжҲҗ: еӨ§еӯҰ.txt
2026-03-03 13:42:08,534 - FileTransfer - INFO - жӯЈеңЁиҜ·жұӮж–Үд»¶еҲ—иЎЁ...
2026-03-03 13:42:08,535 - FileTransfer - INFO - е·ІеҸ‘йҖҒж–Үд»¶еҲ—иЎЁиҜ·жұӮпјҢзӯүеҫ…жңҚеҠЎеҷЁе“Қеә”...
2026-03-03 13:42:08,535 - FileTransfer - INFO - жӯЈеңЁжү«жҸҸзӣ®еҪ•: E:\zihan\python\project\network_file_system\data\uploads
2026-03-03 13:42:08,536 - FileTransfer - INFO - жҲҗеҠҹеҸ‘йҖҒ 4 дёӘж–Үд»¶еҲ—иЎЁз»ҷе®ўжҲ·з«Ҝ ('192.168.0.102', 60790)
2026-03-03 13:42:08,536 - FileTransfer - INFO - ж”¶еҲ°жңҚеҠЎеҷЁе“Қеә”: get_filelist
2026-03-03 13:42:08,536 - FileTransfer - INFO - зӣ®еҪ•: E:\zihan\python\project\network_file_system\data\uploads
2026-03-03 13:42:08,536 - FileTransfer - INFO - жҲҗеҠҹиҺ·еҸ– 4 дёӘж–Үд»¶
2026-03-03 13:42:25,001 - FileTransfer - INFO - иҜ·жұӮдёӢиҪҪж–Үд»¶: еӨ§еӯҰ.txt
2026-03-03 13:42:25,001 - FileTransfer - INFO - еӨ„зҗҶдёӢиҪҪиҜ·жұӮ: еӨ§еӯҰ.txt жқҘиҮӘ ('192.168.0.102', 60790)
2026-03-03 13:42:25,002 - FileTransfer - INFO - ејҖе§ӢеҸ‘йҖҒж–Үд»¶: еӨ§еӯҰ.txt (11.5 KB)
2026-03-03 13:42:25,002 - FileTransfer - INFO - еҮҶеӨҮжҺҘж”¶ж–Үд»¶: еӨ§еӯҰ.txt, еӨ§е°Ҹ: 11755 еӯ—иҠӮ
2026-03-03 13:42:25,002 - FileTransfer - INFO - дёӢиҪҪзӣ®еҪ•: E:\zihan\python\project\data\downloads
2026-03-03 13:42:25,002 - FileTransfer - INFO - дҝқеӯҳи·Ҝеҫ„: E:\zihan\python\project\data\downloads\еӨ§еӯҰ.txt
2026-03-03 13:42:25,002 - FileTransfer - INFO - ејҖе§ӢжҺҘж”¶ж–Үд»¶: еӨ§еӯҰ.txt (11.5 KB)
2026-03-03 13:42:25,102 - FileTransfer - INFO - ејҖе§ӢеҸ‘йҖҒж–Үд»¶з»ҷе®ўжҲ·з«Ҝ ('192.168.0.102', 60790): E:\zihan\python\project\network_file_system\data\uploads\еӨ§еӯҰ.txt
2026-03-03 13:42:25,103 - FileTransfer - INFO - еҸ‘йҖҒиҝӣеәҰ: 100.0% (11.5 KB/11.5 KB)
2026-03-03 13:42:25,103 - FileTransfer - INFO - ж–Үд»¶еҸ‘йҖҒе®ҢжҲҗ: 11755 еӯ—иҠӮ
2026-03-03 13:42:25,104 - FileTransfer - INFO - вң… ж–Үд»¶жҺҘж”¶е®ҢжҲҗ: еӨ§еӯҰ.txt
2026-03-03 13:44:59,524 - FileTransfer - INFO - жӯЈеңЁиҜ·жұӮж–Үд»¶еҲ—иЎЁ...
2026-03-03 13:44:59,525 - FileTransfer - INFO - е·ІеҸ‘йҖҒж–Үд»¶еҲ—иЎЁиҜ·жұӮпјҢзӯүеҫ…жңҚеҠЎеҷЁе“Қеә”...
2026-03-03 13:44:59,525 - FileTransfer - INFO - жӯЈеңЁжү«жҸҸзӣ®еҪ•: E:\zihan\python\project\network_file_system\data\uploads
2026-03-03 13:44:59,526 - FileTransfer - INFO - жҲҗеҠҹеҸ‘йҖҒ 4 дёӘж–Үд»¶еҲ—иЎЁз»ҷе®ўжҲ·з«Ҝ ('192.168.0.102', 63017)
2026-03-03 13:44:59,526 - FileTransfer - INFO - ж”¶еҲ°жңҚеҠЎеҷЁе“Қеә”: get_filelist
2026-03-03 13:44:59,526 - FileTransfer - INFO - зӣ®еҪ•: E:\zihan\python\project\network_file_system\data\uploads
2026-03-03 13:44:59,526 - FileTransfer - INFO - жҲҗеҠҹиҺ·еҸ– 4 дёӘж–Үд»¶
2026-03-03 13:45:06,548 - FileTransfer - INFO - иҜ·жұӮдёӢиҪҪж–Үд»¶: еӨ§еӯҰ.txt
2026-03-03 13:45:06,549 - FileTransfer - INFO - еӨ„зҗҶдёӢиҪҪиҜ·жұӮ: еӨ§еӯҰ.txt жқҘиҮӘ ('192.168.0.102', 63017)
2026-03-03 13:45:06,549 - FileTransfer - INFO - еҮҶеӨҮжҺҘж”¶ж–Үд»¶: еӨ§еӯҰ.txt, еӨ§е°Ҹ: 11755 еӯ—иҠӮ
2026-03-03 13:45:06,549 - FileTransfer - INFO - дёӢиҪҪзӣ®еҪ•: E:\zihan\python\project\data\uploads
2026-03-03 13:45:06,550 - FileTransfer - INFO - дҝқеӯҳи·Ҝеҫ„: E:\zihan\python\project\data\uploads\еӨ§еӯҰ.txt
2026-03-03 13:45:06,550 - FileTransfer - INFO - ејҖе§ӢжҺҘж”¶ж–Үд»¶: еӨ§еӯҰ.txt (11.5 KB)
2026-03-03 13:45:06,650 - FileTransfer - INFO - ејҖе§ӢеҸ‘йҖҒж–Үд»¶з»ҷе®ўжҲ·з«Ҝ ('192.168.0.102', 63017): E:\zihan\python\project\network_file_system\data\uploads\еӨ§еӯҰ.txt
2026-03-03 13:45:06,651 - FileTransfer - INFO - еҸ‘йҖҒиҝӣеәҰ: 100.0% (11.5 KB/11.5 KB)
2026-03-03 13:45:06,651 - FileTransfer - INFO - ж–Үд»¶еҸ‘йҖҒе®ҢжҲҗ: 11755 еӯ—иҠӮ
2026-03-03 13:45:06,652 - FileTransfer - INFO - вң… ж–Үд»¶жҺҘж”¶е®ҢжҲҗ: еӨ§еӯҰ.txt
2026-03-03 13:46:19,560 - FileTransfer - INFO - жӯЈеңЁиҜ·жұӮж–Үд»¶еҲ—иЎЁ...
2026-03-03 13:46:19,560 - FileTransfer - INFO - е·ІеҸ‘йҖҒж–Үд»¶еҲ—иЎЁиҜ·жұӮпјҢзӯүеҫ…жңҚеҠЎеҷЁе“Қеә”...
2026-03-03 13:46:19,561 - FileTransfer - INFO - жӯЈеңЁжү«жҸҸзӣ®еҪ•: E:\zihan\python\project\network_file_system\data\uploads
2026-03-03 13:46:19,561 - FileTransfer - INFO - жҲҗеҠҹеҸ‘йҖҒ 4 дёӘж–Үд»¶еҲ—иЎЁз»ҷе®ўжҲ·з«Ҝ ('192.168.0.102', 61055)
2026-03-03 13:46:19,561 - FileTransfer - INFO - ж”¶еҲ°жңҚеҠЎеҷЁе“Қеә”: get_filelist
2026-03-03 13:46:19,562 - FileTransfer - INFO - зӣ®еҪ•: E:\zihan\python\project\network_file_system\data\uploads
2026-03-03 13:46:19,562 - FileTransfer - INFO - жҲҗеҠҹиҺ·еҸ– 4 дёӘж–Үд»¶
2026-03-03 13:46:32,860 - FileTransfer - INFO - иҜ·жұӮдёӢиҪҪж–Үд»¶: еӨ§еӯҰ.txt
2026-03-03 13:46:32,861 - FileTransfer - INFO - еӨ„зҗҶдёӢиҪҪиҜ·жұӮ: еӨ§еӯҰ.txt жқҘиҮӘ ('192.168.0.102', 61055)
2026-03-03 13:46:32,861 - FileTransfer - INFO - ејҖе§ӢеҸ‘йҖҒж–Үд»¶: еӨ§еӯҰ.txt (11.5 KB)
2026-03-03 13:46:32,861 - FileTransfer - INFO - еҮҶеӨҮжҺҘж”¶ж–Үд»¶: еӨ§еӯҰ.txt, еӨ§е°Ҹ: 11755 еӯ—иҠӮ
2026-03-03 13:46:32,861 - FileTransfer - INFO - дёӢиҪҪзӣ®еҪ•: E:\zihan\python\project\data\downloads
2026-03-03 13:46:32,862 - FileTransfer - INFO - дҝқеӯҳи·Ҝеҫ„: E:\zihan\python\project\data\downloads\еӨ§еӯҰ.txt
2026-03-03 13:46:32,862 - FileTransfer - INFO - ејҖе§ӢжҺҘж”¶ж–Үд»¶: еӨ§еӯҰ.txt (11.5 KB)
2026-03-03 13:46:32,962 - FileTransfer - INFO - ејҖе§ӢеҸ‘йҖҒж–Үд»¶з»ҷе®ўжҲ·з«Ҝ ('192.168.0.102', 61055): E:\zihan\python\project\network_file_system\data\uploads\еӨ§еӯҰ.txt
2026-03-03 13:46:32,963 - FileTransfer - INFO - еҸ‘йҖҒиҝӣеәҰ: 100.0% (11.5 KB/11.5 KB)
2026-03-03 13:46:32,963 - FileTransfer - INFO - ж–Үд»¶еҸ‘йҖҒе®ҢжҲҗ: 11755 еӯ—иҠӮ
2026-03-03 13:46:32,964 - FileTransfer - INFO - вң… ж–Үд»¶жҺҘж”¶е®ҢжҲҗ: еӨ§еӯҰ.txt
2026-03-03 13:46:39,533 - FileTransfer - INFO - иҜ·жұӮдёӢиҪҪж–Үд»¶: еӨ§еӯҰ.txt
2026-03-03 13:46:39,534 - FileTransfer - INFO - еӨ„зҗҶдёӢиҪҪиҜ·жұӮ: еӨ§еӯҰ.txt жқҘиҮӘ ('192.168.0.102', 61055)
2026-03-03 13:46:39,534 - FileTransfer - INFO - ејҖе§ӢеҸ‘йҖҒж–Үд»¶: еӨ§еӯҰ.txt (11.5 KB)
2026-03-03 13:46:39,534 - FileTransfer - INFO - еҮҶеӨҮжҺҘж”¶ж–Үд»¶: еӨ§еӯҰ.txt, еӨ§е°Ҹ: 11755 еӯ—иҠӮ
2026-03-03 13:46:39,534 - FileTransfer - INFO - дёӢиҪҪзӣ®еҪ•: E:\zihan\python\project\data\downloads
2026-03-03 13:46:39,534 - FileTransfer - INFO - дҝқеӯҳи·Ҝеҫ„: E:\zihan\python\project\data\downloads\еӨ§еӯҰ.txt
2026-03-03 13:46:39,535 - FileTransfer - INFO - ејҖе§ӢжҺҘж”¶ж–Үд»¶: еӨ§еӯҰ.txt (11.5 KB)
2026-03-03 13:46:39,634 - FileTransfer - INFO - ејҖе§ӢеҸ‘йҖҒж–Үд»¶з»ҷе®ўжҲ·з«Ҝ ('192.168.0.102', 61055): E:\zihan\python\project\network_file_system\data\uploads\еӨ§еӯҰ.txt
2026-03-03 13:46:39,636 - FileTransfer - INFO - еҸ‘йҖҒиҝӣеәҰ: 100.0% (11.5 KB/11.5 KB)
2026-03-03 13:46:39,636 - FileTransfer - INFO - ж–Үд»¶еҸ‘йҖҒе®ҢжҲҗ: 11755 еӯ—иҠӮ
2026-03-03 13:46:39,637 - FileTransfer - INFO - вң… ж–Үд»¶жҺҘж”¶е®ҢжҲҗ: еӨ§еӯҰ.txt
2026-03-03 13:47:52,331 - FileTransfer - INFO - еҮҶеӨҮж–Үд»¶дј иҫ“: E:/zihan/python/project/network_file_system/data/downloads/123.txt via TCP
2026-03-03 13:47:52,332 - FileTransfer - INFO - еҸ‘йҖҒж–Үд»¶еӨҙпјҢеӨ§е°Ҹ: 225 еӯ—иҠӮ
2026-03-03 13:47:52,510 - FileTransfer - INFO - ж–Үд»¶еҸ‘йҖҒе®ҢжҲҗ: E:/zihan/python/project/network_file_system/data/downloads/123.txt
2026-03-03 13:47:52,510 - FileTransfer - INFO - еӨ§е°Ҹ: 108625 еӯ—иҠӮ, еқ—ж•°: 106/106
2026-03-03 13:47:52,511 - FileTransfer - INFO - йҖҹеәҰ: 594.98 KB/s, иҖ—ж—¶: 0.18з§’
2026-03-03 13:47:52,517 - FileTransfer - INFO - жӯЈеңЁиҜ·жұӮж–Үд»¶еҲ—иЎЁ...
2026-03-03 13:47:52,517 - FileTransfer - INFO - е·ІеҸ‘йҖҒж–Үд»¶еҲ—иЎЁиҜ·жұӮпјҢзӯүеҫ…жңҚеҠЎеҷЁе“Қеә”...
2026-03-03 13:47:52,517 - FileTransfer - INFO - жӯЈеңЁжү«жҸҸзӣ®еҪ•: E:\zihan\python\project\network_file_system\data\uploads
2026-03-03 13:47:52,518 - FileTransfer - INFO - жҲҗеҠҹеҸ‘йҖҒ 4 дёӘж–Үд»¶еҲ—иЎЁз»ҷе®ўжҲ·з«Ҝ ('192.168.0.102', 61055)
2026-03-03 13:47:52,518 - FileTransfer - INFO - ж”¶еҲ°жңҚеҠЎеҷЁе“Қеә”: get_filelist
2026-03-03 13:47:52,519 - FileTransfer - INFO - жҲҗеҠҹиҺ·еҸ– 4 дёӘж–Үд»¶
2026-03-03 13:47:52,519 - FileTransfer - INFO - зӣ®еҪ•: E:\zihan\python\project\network_file_system\data\uploads
2026-03-03 13:52:10,732 - FileTransfer - INFO - жӯЈеңЁиҜ·жұӮж–Үд»¶еҲ—иЎЁ...
2026-03-03 13:52:10,732 - FileTransfer - INFO - е·ІеҸ‘йҖҒж–Үд»¶еҲ—иЎЁиҜ·жұӮпјҢзӯүеҫ…жңҚеҠЎеҷЁе“Қеә”...
2026-03-03 13:52:10,733 - FileTransfer - INFO - жӯЈеңЁжү«жҸҸзӣ®еҪ•: E:\zihan\python\project\network_file_system\data\uploads
2026-03-03 13:52:10,734 - FileTransfer - INFO - жҲҗеҠҹеҸ‘йҖҒ 4 дёӘж–Үд»¶еҲ—иЎЁз»ҷе®ўжҲ·з«Ҝ ('192.168.0.102', 59863)
2026-03-03 13:52:10,734 - FileTransfer - INFO - ж”¶еҲ°жңҚеҠЎеҷЁе“Қеә”: get_filelist
2026-03-03 13:52:10,734 - FileTransfer - INFO - зӣ®еҪ•: E:\zihan\python\project\network_file_system\data\uploads
2026-03-03 13:52:10,734 - FileTransfer - INFO - жҲҗеҠҹиҺ·еҸ– 4 дёӘж–Үд»¶
2026-03-03 13:52:19,563 - FileTransfer - INFO - иҜ·жұӮдёӢиҪҪж–Үд»¶: еӨ§еӯҰ.txt
2026-03-03 13:52:19,563 - FileTransfer - INFO - еӨ„зҗҶдёӢиҪҪиҜ·жұӮ: еӨ§еӯҰ.txt жқҘиҮӘ ('192.168.0.102', 59863)
2026-03-03 13:52:19,564 - FileTransfer - INFO - ејҖе§ӢеҸ‘йҖҒж–Үд»¶: еӨ§еӯҰ.txt (11.5 KB)
2026-03-03 13:52:19,564 - FileTransfer - INFO - еҮҶеӨҮжҺҘж”¶ж–Үд»¶: еӨ§еӯҰ.txt, еӨ§е°Ҹ: 11755 еӯ—иҠӮ
2026-03-03 13:52:19,565 - FileTransfer - INFO - дёӢиҪҪзӣ®еҪ•: E:\zihan\python\project\network_file_system\data\downloads
2026-03-03 13:52:19,565 - FileTransfer - INFO - дҝқеӯҳи·Ҝеҫ„: E:\zihan\python\project\network_file_system\data\downloads\еӨ§еӯҰ.txt
2026-03-03 13:52:19,565 - FileTransfer - INFO - ејҖе§ӢжҺҘж”¶ж–Үд»¶: еӨ§еӯҰ.txt (11.5 KB)
2026-03-03 13:52:19,664 - FileTransfer - INFO - ејҖе§ӢеҸ‘йҖҒж–Үд»¶з»ҷе®ўжҲ·з«Ҝ ('192.168.0.102', 59863): E:\zihan\python\project\network_file_system\data\uploads\еӨ§еӯҰ.txt
2026-03-03 13:52:19,665 - FileTransfer - INFO - еҸ‘йҖҒиҝӣеәҰ: 100.0% (11.5 KB/11.5 KB)
2026-03-03 13:52:19,665 - FileTransfer - INFO - ж–Үд»¶еҸ‘йҖҒе®ҢжҲҗ: 11755 еӯ—иҠӮ
2026-03-03 13:52:19,667 - FileTransfer - INFO - вң… ж–Үд»¶жҺҘж”¶е®ҢжҲҗ: еӨ§еӯҰ.txt
2026-03-03 13:52:51,002 - FileTransfer - INFO - иҜ·жұӮдёӢиҪҪж–Үд»¶: еӨ§еӯҰ.txt
2026-03-03 13:52:51,003 - FileTransfer - INFO - еӨ„зҗҶдёӢиҪҪиҜ·жұӮ: еӨ§еӯҰ.txt жқҘиҮӘ ('192.168.0.102', 59863)
2026-03-03 13:52:51,003 - FileTransfer - INFO - ејҖе§ӢеҸ‘йҖҒж–Үд»¶: еӨ§еӯҰ.txt (11.5 KB)
2026-03-03 13:52:51,003 - FileTransfer - INFO - еҮҶеӨҮжҺҘж”¶ж–Үд»¶: еӨ§еӯҰ.txt, еӨ§е°Ҹ: 11755 еӯ—иҠӮ
2026-03-03 13:52:51,004 - FileTransfer - INFO - дёӢиҪҪзӣ®еҪ•: E:\zihan\python\project\network_file_system\data\downloads
2026-03-03 13:52:51,004 - FileTransfer - INFO - дҝқеӯҳи·Ҝеҫ„: E:\zihan\python\project\network_file_system\data\downloads\еӨ§еӯҰ.txt
2026-03-03 13:52:51,004 - FileTransfer - INFO - ејҖе§ӢжҺҘж”¶ж–Үд»¶: еӨ§еӯҰ.txt (11.5 KB)
2026-03-03 13:52:51,104 - FileTransfer - INFO - ејҖе§ӢеҸ‘йҖҒж–Үд»¶з»ҷе®ўжҲ·з«Ҝ ('192.168.0.102', 59863): E:\zihan\python\project\network_file_system\data\uploads\еӨ§еӯҰ.txt
2026-03-03 13:52:51,105 - FileTransfer - INFO - еҸ‘йҖҒиҝӣеәҰ: 100.0% (11.5 KB/11.5 KB)
2026-03-03 13:52:51,105 - FileTransfer - INFO - ж–Үд»¶еҸ‘йҖҒе®ҢжҲҗ: 11755 еӯ—иҠӮ
2026-03-03 13:52:51,105 - FileTransfer - INFO - вң… ж–Үд»¶жҺҘж”¶е®ҢжҲҗ: еӨ§еӯҰ.txt
2026-03-03 13:53:06,158 - FileTransfer - INFO - жӯЈеңЁиҜ·жұӮж–Үд»¶еҲ—иЎЁ...
2026-03-03 13:53:06,159 - FileTransfer - INFO - е·ІеҸ‘йҖҒж–Үд»¶еҲ—иЎЁиҜ·жұӮпјҢзӯүеҫ…жңҚеҠЎеҷЁе“Қеә”...
2026-03-03 13:53:06,159 - FileTransfer - INFO - жӯЈеңЁжү«жҸҸзӣ®еҪ•: E:\zihan\python\project\network_file_system\data\uploads
2026-03-03 13:53:06,160 - FileTransfer - INFO - жҲҗеҠҹеҸ‘йҖҒ 4 дёӘж–Үд»¶еҲ—иЎЁз»ҷе®ўжҲ·з«Ҝ ('192.168.0.102', 59863)
2026-03-03 13:53:06,160 - FileTransfer - INFO - ж”¶еҲ°жңҚеҠЎеҷЁе“Қеә”: get_filelist
2026-03-03 13:53:06,160 - FileTransfer - INFO - зӣ®еҪ•: E:\zihan\python\project\network_file_system\data\uploads
2026-03-03 13:53:06,160 - FileTransfer - INFO - жҲҗеҠҹиҺ·еҸ– 4 дёӘж–Үд»¶
2026-03-03 13:53:24,614 - FileTransfer - INFO - еҮҶеӨҮж–Үд»¶дј иҫ“: E:/zihan/python/project/network_file_system/data/downloads/123.txt via TCP
2026-03-03 13:53:24,614 - FileTransfer - INFO - еҸ‘йҖҒж–Үд»¶еӨҙпјҢеӨ§е°Ҹ: 225 еӯ—иҠӮ
2026-03-03 13:53:24,794 - FileTransfer - INFO - ж–Үд»¶еҸ‘йҖҒе®ҢжҲҗ: E:/zihan/python/project/network_file_system/data/downloads/123.txt
2026-03-03 13:53:24,795 - FileTransfer - INFO - еӨ§е°Ҹ: 108625 еӯ—иҠӮ, еқ—ж•°: 106/106
2026-03-03 13:53:24,795 - FileTransfer - INFO - йҖҹеәҰ: 587.50 KB/s, иҖ—ж—¶: 0.18з§’
2026-03-03 13:53:24,799 - FileTransfer - INFO - жӯЈеңЁиҜ·жұӮж–Үд»¶еҲ—иЎЁ...
2026-03-03 13:53:24,800 - FileTransfer - INFO - е·ІеҸ‘йҖҒж–Үд»¶еҲ—иЎЁиҜ·жұӮпјҢзӯүеҫ…жңҚеҠЎеҷЁе“Қеә”...
2026-03-03 13:53:24,800 - FileTransfer - INFO - жӯЈеңЁжү«жҸҸзӣ®еҪ•: E:\zihan\python\project\network_file_system\data\uploads
2026-03-03 13:53:24,800 - FileTransfer - INFO - жҲҗеҠҹеҸ‘йҖҒ 4 дёӘж–Үд»¶еҲ—иЎЁз»ҷе®ўжҲ·з«Ҝ ('192.168.0.102', 59863)
2026-03-03 13:53:24,800 - FileTransfer - INFO - ж”¶еҲ°жңҚеҠЎеҷЁе“Қеә”: get_filelist
2026-03-03 13:53:24,800 - FileTransfer - INFO - зӣ®еҪ•: E:\zihan\python\project\network_file_system\data\uploads
2026-03-03 13:53:24,801 - FileTransfer - INFO - жҲҗеҠҹиҺ·еҸ– 4 дёӘж–Үд»¶
